{"synthetic": false,
 "schemaVersion": "2025-09-10",
 "outputs":
 {"o": ["3b8ccfd759a47505.olean"],
  "i": "6da2d1a3ade07f02.ilean",
  "c": "5a974ddd94063b1e.c"},
 "log":
 [{"message":
   ".> LEAN_PATH=/Users/new/Downloads/a3f522e1-8fdf-4aba-8a5e-6b5385438b6c_aristotle/.lake/packages/Cli/.lake/build/lib/lean:/Users/new/Downloads/a3f522e1-8fdf-4aba-8a5e-6b5385438b6c_aristotle/.lake/packages/batteries/.lake/build/lib/lean:/Users/new/Downloads/a3f522e1-8fdf-4aba-8a5e-6b5385438b6c_aristotle/.lake/packages/Qq/.lake/build/lib/lean:/Users/new/Downloads/a3f522e1-8fdf-4aba-8a5e-6b5385438b6c_aristotle/.lake/packages/aesop/.lake/build/lib/lean:/Users/new/Downloads/a3f522e1-8fdf-4aba-8a5e-6b5385438b6c_aristotle/.lake/packages/proofwidgets/.lake/build/lib/lean:/Users/new/Downloads/a3f522e1-8fdf-4aba-8a5e-6b5385438b6c_aristotle/.lake/packages/importGraph/.lake/build/lib/lean:/Users/new/Downloads/a3f522e1-8fdf-4aba-8a5e-6b5385438b6c_aristotle/.lake/packages/LeanSearchClient/.lake/build/lib/lean:/Users/new/Downloads/a3f522e1-8fdf-4aba-8a5e-6b5385438b6c_aristotle/.lake/packages/plausible/.lake/build/lib/lean:/Users/new/Downloads/a3f522e1-8fdf-4aba-8a5e-6b5385438b6c_aristotle/.lake/packages/mathlib/.lake/build/lib/lean:/Users/new/Downloads/a3f522e1-8fdf-4aba-8a5e-6b5385438b6c_aristotle/.lake/build/lib/lean /Users/new/.elan/toolchains/leanprover--lean4---v4.28.0/bin/lean /Users/new/Downloads/a3f522e1-8fdf-4aba-8a5e-6b5385438b6c_aristotle/RequestProject/PrimeCircle.lean -o /Users/new/Downloads/a3f522e1-8fdf-4aba-8a5e-6b5385438b6c_aristotle/.lake/build/lib/lean/RequestProject/PrimeCircle.olean -i /Users/new/Downloads/a3f522e1-8fdf-4aba-8a5e-6b5385438b6c_aristotle/.lake/build/lib/lean/RequestProject/PrimeCircle.ilean -c /Users/new/Downloads/a3f522e1-8fdf-4aba-8a5e-6b5385438b6c_aristotle/.lake/build/ir/RequestProject/PrimeCircle.c --setup /Users/new/Downloads/a3f522e1-8fdf-4aba-8a5e-6b5385438b6c_aristotle/.lake/build/ir/RequestProject/PrimeCircle.setup.json --json",
   "level": "trace"},
  {"message":
   "RequestProject/PrimeCircle.lean:149:74: Try this:\n  [apply] ring_nf\n  \n  The `ring` tactic failed to close the goal. Use `ring_nf` to obtain a normal form.\n    \n  Note that `ring` works primarily in *commutative* rings. If you have a noncommutative ring, abelian group or module, consider using `noncomm_ring`, `abel` or `module` instead.",
   "level": "info"},
  {"message":
   "RequestProject/PrimeCircle.lean:157:6: Try this:\n  [apply] exact ramanujanSum_eq_sum_pow d",
   "level": "info"},
  {"message":
   "RequestProject/PrimeCircle.lean:142:89: This simp argument is unused:\n  Nat.mul_div_cancel' (Nat.dvd_of_mem_divisors hd)\n\nHint: Omit it from the simp argument list.\n  simp_all +decide ̵[̵ ̵N̵a̵t̵.̵m̵u̵l̵_̵d̵i̵v̵_̵c̵a̵n̵c̵e̵l̵'̵ ̵(̵ ̵N̵a̵t̵.̵d̵v̵d̵_̵o̵f̵_̵m̵e̵m̵_̵d̵i̵v̵i̵s̵o̵r̵s̵ ̵h̵d̵ ̵)̵ ̵]̵\n\nNote: This linter can be disabled with `set_option linter.unusedSimpArgs false`",
   "level": "warning"},
  {"message":
   "RequestProject/PrimeCircle.lean:144:42: This simp argument is unused:\n  Nat.gcd_mul_left\n\nHint: Omit it from the simp argument list.\n  simp_all +decide [̵ ̵N̵a̵t̵.̵g̵c̵d̵_̵m̵u̵l̵_̵l̵e̵f̵t̵,̵ ̵N̵a̵t̵.̵g̵c̵d̵_̵m̵u̵l̵_̵r̵i̵g̵h̵t̵ ̵]̵[̲N̲a̲t̲.̲g̲c̲d̲_̲m̲u̲l̲_̲r̲i̲g̲h̲t̲]̲\n\nNote: This linter can be disabled with `set_option linter.unusedSimpArgs false`",
   "level": "warning"},
  {"message":
   "RequestProject/PrimeCircle.lean:255:10: This simp argument is unused:\n  Nat.cast_zero\n\nHint: Omit it from the simp argument list.\n  simp [̵N̵a̵t̵.̵c̵a̵s̵t̵_̵z̵e̵r̵o̵,̵ ̵z̵e̵r̵o̵_̵p̵o̵w̵[̲z̲e̲r̲o̲_̲p̲o̲w̲ (two_ne_zero)]\n\nNote: This linter can be disabled with `set_option linter.unusedSimpArgs false`",
   "level": "warning"}],
 "inputs":
 [["RequestProject.PrimeCircle:deps",
   [["deps",
     [["RequestProject/RequestProject:extraDep",
       [["@RequestProject:extraDep", "00000000000006bb"]]],
      ["imports",
       [["Mathlib transitive imports (legacy)", "8fd896a9b3011bd6"],
        ["Mathlib:importAllArts", "8fc2a9ec06d95bdc"]]]]],
    ["libs",
     [["import dynlibs", "00000000000006bb"],
      ["package external libraries", "00000000000006bb"],
      ["module dynlibs", "00000000000006bb"],
      ["module plugins", "00000000000006bb"]]]]],
  ["Lean 4.28.0, commit 7e01a1bf5c70fc6167d49c345d3bf80596e9a79b",
   "a96bc04a2e5e9630"],
  ["/Users/new/Downloads/a3f522e1-8fdf-4aba-8a5e-6b5385438b6c_aristotle/RequestProject/PrimeCircle.lean",
   "7f5cfc22ba996171"],
  ["options", "00000000000006bb"],
  ["Module.leanArgs: #[]", "00000000000006bb"]],
 "depHash": "d71ac11687a45cf5"}