EXTENDED AMR SHOCK BENCHMARK
============================================================

--- Sod shock ---
  tol=0.1: Farey=2, Quad=2, ratio=1.0x, cascade=0
  tol=0.05: Farey=2, Quad=2, ratio=1.0x, cascade=0
  tol=0.02: Farey=2, Quad=2, ratio=1.0x, cascade=0
  tol=0.01: Farey=2, Quad=2, ratio=1.0x, cascade=0
  tol=0.005: Farey=2, Quad=2, ratio=1.0x, cascade=0

--- Double shock ---
  tol=0.1: Farey=4, Quad=4, ratio=1.0x, cascade=0
  tol=0.05: Farey=4, Quad=4, ratio=1.0x, cascade=0
  tol=0.02: Farey=4, Quad=4, ratio=1.0x, cascade=0
  tol=0.01: Farey=4, Quad=4, ratio=1.0x, cascade=0
  tol=0.005: Farey=4, Quad=4, ratio=1.0x, cascade=0

--- Blast wave ---
  tol=0.1: Farey=2, Quad=2, ratio=1.0x, cascade=0
  tol=0.05: Farey=2, Quad=2, ratio=1.0x, cascade=0
  tol=0.02: Farey=2, Quad=2, ratio=1.0x, cascade=0
  tol=0.01: Farey=2, Quad=2, ratio=1.0x, cascade=0
  tol=0.005: Farey=2, Quad=2, ratio=1.0x, cascade=0

--- Contact discontinuity ---
  tol=0.1: Farey=1, Quad=1, ratio=1.0x, cascade=0
  tol=0.05: Farey=1, Quad=1, ratio=1.0x, cascade=0
  tol=0.02: Farey=1, Quad=1, ratio=1.0x, cascade=0
  tol=0.01: Farey=1, Quad=1, ratio=1.0x, cascade=0
  tol=0.005: Farey=1, Quad=1, ratio=1.0x, cascade=0

--- Multi-shock (4 shocks) ---
  tol=0.1: Farey=1, Quad=1, ratio=1.0x, cascade=0
  tol=0.05: Farey=1, Quad=1, ratio=1.0x, cascade=0
  tol=0.02: Farey=1, Quad=1, ratio=1.0x, cascade=0
  tol=0.01: Farey=1, Quad=1, ratio=1.0x, cascade=0
  tol=0.005: Farey=1, Quad=1, ratio=1.0x, cascade=0

============================================================
2D SHOCK PROBLEMS
============================================================

--- Sod 2D (2D) ---
  tol=0.1: Farey=2800, Quad=3200, ratio=1.1x, cascade=400
  tol=0.05: Farey=2800, Quad=3200, ratio=1.1x, cascade=400
  tol=0.02: Farey=2800, Quad=3200, ratio=1.1x, cascade=400

--- Circular blast (2D) ---
  tol=0.1: Farey=2596, Quad=2692, ratio=1.0x, cascade=96
  tol=0.05: Farey=2620, Quad=2748, ratio=1.0x, cascade=128
  tol=0.02: Farey=2656, Quad=2784, ratio=1.0x, cascade=128

--- Oblique shock (2D) ---
  tol=0.1: Farey=2761, Quad=3385, ratio=1.2x, cascade=624
  tol=0.05: Farey=2761, Quad=3385, ratio=1.2x, cascade=624
  tol=0.02: Farey=2761, Quad=3385, ratio=1.2x, cascade=624

Results saved.

============================================================
SUMMARY: Farey advantage on shock problems
============================================================
  Sod shock: 1.0x - 1.0x advantage, 0 total cascading splits
  Double shock: 1.0x - 1.0x advantage, 0 total cascading splits
  Blast wave: 1.0x - 1.0x advantage, 0 total cascading splits
  Contact discontinuity: 1.0x - 1.0x advantage, 0 total cascading splits
  Multi-shock (4 shocks): 1.0x - 1.0x advantage, 0 total cascading splits

Done!
