[Stopped at p=4111]
B+C POSITIVITY BY MERTENS CLASS (primes 5 to 4111)
 M(p)  #primes      min R      min BpC  R<-0.5?  BpC<0?
  -25        2    10.4401   8857777.85        0       0
  -24        1    10.6009   9104388.23        0       0
  -23        5     9.8391   8372408.83        0       0
  -22        1    10.2286   8860984.74        0       0
  -21        1     9.4846   7986058.46        0       0
  -20        3     8.9544   7446701.54        0       0
  -19        3     8.5017   7050727.48        0       0
  -18        5     8.3972   6920486.72        0       0
  -17        5     8.4077   7701546.17        0       0
  -16        7     8.0285   2287069.81        0       0
  -15       10     6.9435    913005.95        0       0
  -14        9     7.4022   2185863.28        0       0
  -13       11     6.4461    871070.03        0       0
  -12       16     5.4664    275999.86        0       0
  -11       12     5.0205    252544.02        0       0
  -10       12     4.9156    231665.49        0       0
   -9       16     3.7315     82134.38        0       0
   -8       24     3.4474     14959.22        0       0
   -7       22     2.8958     12552.67        0       0
   -6       29     2.3749     10704.80        0       0
   -5       20     1.9418      3346.10        0       0
   -4       23     0.7780       101.86        0       0
   -3       46     0.0599         6.57        0       0
   -2       50    -0.5000         0.00        0       0
   -1       30     0.0438        79.52        0       0
    0       31     0.2980       761.84        0       0
    1       20    -0.1054       356.01        0       0
    2       18     0.5471      5346.70        0       0
    3       17    -0.1580      1626.30        0       0
    4       16     0.1665     20397.75        0       0
    5       13     0.1770     21598.28        0       0
    6       14     0.0099     21455.36        0       0
    7       10    -0.2776     95543.62        0       0
    8        8    -0.5505    -10380.74        2       2 ***
    9        6    -1.0546   -392557.00        4       4 ***
   10       10    -1.3636   -613653.09        2       2 ***
   11        3    -1.7487   -363398.04        2       2 ***
   12        6    -2.0492  -1103897.22        1       1 ***
   13        4    -0.8974   -481156.25        2       2 ***
   14        4    -1.6413  -1379050.46        1       1 ***
   15        8    -1.8560  -1624585.49        5       5 ***
   16        3    -1.7628  -1348027.94        3       3 ***
   17        2    -1.9054  -1559815.97        2       2 ***
   18        3    -1.8541  -1507050.79        3       3 ***
   19        3    -2.6440  -2362361.17        3       3 ***
   20        2    -3.1289  -2877321.88        2       2 ***

M(p) ≤ -3 CLASS:
  283 primes
  min R = 0.059947
  min B+C = 6.5749
  R < -0.5 violations: 0
  B+C < 0 violations: 0
