============================================================
ORBIT SEARCH v3 - Target cell: 6-15 | 1.30-1.35
============================================================

--- Verifying known orbits ---
  I.A-2: error=5.713e-08, time=0.04s
  I.B-17: error=1.000e+10, time=0.05s
  I.B-2: error=3.885e-07, time=0.06s

--- Phase 1: Systematic perturbation of short-period neighbors ---
  Good: err=1.0248e-05 from I.A-2 T*1.00, T=6.235
  Grid search: 30 evals in 1.6s, best=1.0248e-05
  ... 900 evals, 30s, best=1.0248e-05

--- Phase 1b: Interpolation between orbit pairs ---

Phase 1 complete: 4199 evals in 156s, best=1.0248e-05

--- Phase 2: Nelder-Mead refinement ---
  Nelder-Mead: error=8.949455e-09
  Powell: error=8.949380e-09
  Refined best: error=8.949380e-09
  Params: vx=0.306893407958, vy=0.125506570080, T=6.23467472

--- Phase 3: Ultra-fine refinement ---
  Ultra-fine NM: error=9.117694e-11

============================================================
FINAL RESULT
============================================================
Best error: 9.117694e-11
vx = 0.30689342037450
vy = 0.12550656705078
T  = 6.2346748379
Status: found

Saved to threebody_new_orbit.json
