=== ERGODIC/EXPLICIT FORMULA ATTACK ===
Computing key quantities for small M(p) <= -3 primes

Computing Mertens function...
     p   M(p)        n      C_W        C/A        D/A
------------------------------------------------------------
    13     -3       47   0.2172   0.254984   1.115848
    19     -3      103   0.2823   0.203383   1.181201
    31     -4      279   0.3581   0.189259   1.095874
    43     -3      543   0.4017   0.182708   1.080126
    47     -3      651   0.4137   0.156720   1.098544
    53     -3      831   0.4283   0.165048   1.093724
    71     -3     1495   0.4535   0.156486   1.079029
    73     -4     1589   0.4742   0.169368   1.001477
    79     -4     1857   0.4724   0.153639   1.045972
    83     -4     2061   0.4909   0.144708   1.067830
   107     -3     3427   0.5086   0.143606   1.051476
   109     -4     3569   0.5276   0.149511   1.023165
   113     -5     3837   0.5339   0.148647   1.006950
   131     -3     5155   0.5293   0.145964   1.022954
   139     -4     5815   0.5361   0.142204   1.030816
   173     -3     9023   0.5494   0.143551   1.013013
   179     -3     9655   0.5495   0.137161   1.042587
   181     -4     9881   0.5630   0.144137   1.003204
   191     -5    10977   0.5473   0.142564   1.024193
   193     -6    11231   0.5614   0.146390   0.994528
   197     -7    11699   0.5712   0.137154   1.022608
   199     -8    11955   0.5893   0.133374   1.011699
   271     -3    22205   0.5799   0.140681   1.017301
   277     -4    23171   0.5774   0.140449   1.008012
   281     -4    23861   0.5890   0.140068   0.983538
   283     -6    24233   0.6031   0.133370   1.014087
   293     -8    25975   0.6017   0.131578   1.023632
   311     -3    29231   0.5773   0.138348   1.010986
   313     -4    29637   0.5868   0.140093   0.999497
   317     -4    30405   0.5954   0.135135   1.019465
   379     -3    43467   0.5887   0.138556   1.006651
   389     -3    45817   0.5986   0.134285   1.016432
   431     -3    56211   0.5910   0.135864   1.020042
   433     -4    56785   0.5969   0.137269   1.002838
   439     -7    58377   0.6040   0.133446   0.999670
   443     -9    59419   0.6114   0.133081   1.000226
   449     -7    61067   0.6059   0.134094   1.006745
   457     -6    63217   0.6050   0.136168   1.002228
   461     -6    64365   0.6057   0.134018   1.011043
   463     -6    64945   0.6128   0.134291   0.996057
   467     -7    66103   0.6216   0.129050   1.010916
   479     -6    69515   0.6096   0.130706   1.019388
   487     -5    71823   0.6059   0.134173   1.005119
   491     -5    73041   0.6095   0.134422   1.008550
   499     -6    75419   0.6044   0.134370   1.005219
   503     -5    76699   0.6106   0.130783   1.020999
   509     -6    78529   0.6107   0.131867   1.016096
   523     -3    82909   0.6106   0.135276   0.996532
   617     -3   115381   0.6108   0.134846   1.007659
   619     -5   116201   0.6170   0.132615   1.002622
   631     -3   120689   0.6127   0.136135   0.986812
   643     -4   125391   0.6161   0.131819   1.009630
   647     -7   126921   0.6219   0.130681   1.009970
   653     -8   129287   0.6231   0.131476   0.993666
   659    -10   131703   0.6303   0.128503   1.004251
   661    -11   132521   0.6384   0.129192   0.979779
   673    -11   137319   0.6292   0.132042   0.977711
   677    -11   138999   0.6339   0.130040   0.983919
   683    -12   141483   0.6362   0.128162   0.992478
   691     -9   144811   0.6273   0.131411   0.994822
   701     -5   149019   0.6211   0.131835   1.001309
   709     -4   152455   0.6162   0.132753   1.002988
   719     -3   156785   0.6131   0.131410   1.018545
   733     -3   162969   0.6154   0.133286   1.003832
   743     -5   167425   0.6172   0.132597   0.998390
   751     -3   171019   0.6172   0.133562   0.996938
   757     -3   173789   0.6185   0.134293   0.994184
   761     -4   175651   0.6233   0.132641   0.993882
   769     -3   179409   0.6223   0.132024   0.998419
   829     -3   208537   0.6202   0.133250   1.006404
   839     -3   213559   0.6191   0.130666   1.009396
   863     -3   226001   0.6304   0.128739   1.002592
  1031     -5   322533   0.6276   0.130686   1.003593
  1033     -6   323899   0.6325   0.130248   0.995166
  1039     -8   327655   0.6326   0.129392   0.998615
  1049     -5   333971   0.6299   0.129956   1.002505
  1051     -6   335259   0.6348   0.130711   0.993623
  1061     -5   341647   0.6310   0.130930   0.999326
  1063     -6   343055   0.6350   0.129574   0.998112
  1069     -8   346901   0.6352   0.129835   0.992339
  1087     -8   358501   0.6279   0.130939   1.002437
  1091    -10   361191   0.6331   0.129220   1.005569
  1093    -11   362569   0.6395   0.130136   0.975772
  1097    -12   365327   0.6452   0.127527   0.996642
  1103    -12   369355   0.6470   0.126906   0.993124
  1109    -15   373317   0.6558   0.125066   0.993519
  1117    -13   378693   0.6469   0.127783   0.988077
  1123    -12   382805   0.6462   0.127651   0.982521
  1129    -12   386941   0.6483   0.127376   0.983081
  1151     -6   402063   0.6301   0.130108   1.001733
  1153     -7   403597   0.6340   0.131197   0.990391
  1163     -6   410565   0.6329   0.130409   0.995220
  1171     -5   416195   0.6326   0.131055   0.990832
  1181     -6   423339   0.6299   0.131107   0.999677
  1187     -8   427639   0.6321   0.129694   1.001139
  1193     -6   432073   0.6295   0.130814   1.002010
  1201     -5   437787   0.6296   0.131941   0.992511
  1223     -3   454049   0.6267   0.130882   0.999045
  1237     -3   464497   0.6334   0.130271   1.005391
  1249     -3   473559   0.6311   0.131541   0.996626
  1499     -3   682285   0.6399   0.128597   0.998880
  1511     -3   693213   0.6371   0.128724   1.003410
  1553     -4   732321   0.6349   0.130146   0.992349
  1559     -4   738073   0.6348   0.129345   0.999347
  1567     -3   745543   0.6343   0.130127   1.002206
  1571     -4   749449   0.6367   0.130048   0.995685
  1579     -4   757149   0.6373   0.129419   1.000218
  1583     -7   760983   0.6408   0.128213   0.997625
  1597     -5   774301   0.6364   0.130290   0.996991
  1601     -8   778233   0.6392   0.129909   0.990531
  1607    -10   784097   0.6421   0.128688   0.995395
  1609    -11   786231   0.6456   0.127880   0.992779
  1613    -11   790155   0.6473   0.128089   0.990256
  1619    -13   795903   0.6502   0.126249   1.000473
  1621    -14   797953   0.6555   0.126960   0.972863
  1627    -14   803875   0.6569   0.125732   0.990577
  1637    -16   813829   0.6584   0.124988   0.993213
  1657    -10   833681   0.6403   0.129523   0.994157
  1663    -11   839809   0.6453   0.127730   0.995689
  1667    -12   843775   0.6470   0.127886   0.989727
  1669    -13   845993   0.6530   0.126649   0.987945
  1693     -9   870415   0.6391   0.129483   0.995040
  1697    -11   874495   0.6440   0.128386   0.997682
  1699    -13   876755   0.6505   0.126814   0.994743
  1709    -13   886885   0.6489   0.127080   1.000613
  1721     -9   899419   0.6441   0.128518   0.993961
  1723     -9   901619   0.6465   0.128432   0.984604
  1733     -9   912079   0.6442   0.128329   0.997088
  1741     -9   920495   0.6438   0.128872   0.991222
  1747    -11   926843   0.6454   0.127903   0.995706
  1753    -12   933229   0.6478   0.127911   0.987481
  1759    -12   939681   0.6510   0.126382   0.995929
  1777     -7   958839   0.6459   0.128545   0.983310
  1783     -7   965431   0.6445   0.128800   0.995607
  1787     -8   969697   0.6441   0.128405   0.992509
  1789     -9   972075   0.6473   0.127855   0.990793
  1801     -7   985059   0.6440   0.129293   0.984396
  1811     -7   996023   0.6420   0.128707   0.997938
  1823     -3  1009345   0.6382   0.129085   1.002480
  1831     -3  1018143   0.6377   0.129824   0.998275
  1873     -3  1065423   0.6395   0.130225   0.989801
  1877     -3  1070023   0.6398   0.129582   0.994185
  1879     -5  1072523   0.6427   0.128412   0.999749
  1889     -7  1083693   0.6395   0.128654   1.001789
  1901     -4  1097459   0.6384   0.130000   0.995797
  1907     -5  1104439   0.6392   0.129352   0.996023
  1913     -6  1111493   0.6401   0.129123   0.998735
  1933     -3  1134849   0.6407   0.129639   0.997466

Time: 32.6s

=== SCALING ANALYSIS ===
delta_sq ~ p^2.075
dilution_raw ~ p^2.210
n ~ p^2.018
C/A = delta_sq/dilution ~ p^-0.135
  If < 0: C/A -> 0 (bad for unconditional proof)
  If > 0: C/A -> infty (great!)
  If = 0: C/A -> const (good if const > 0)

C/A range: [0.1250, 0.2550]
C_W range: [0.2172, 0.6584]
  If C_W -> 0: C/A = pi^2/(72*C_W) -> infty (great!)
  If C_W -> const: C/A = const (good)
  If C_W -> infty: C/A -> 0 (bad)
Saved to ca_scaling_data.json
