======================================================================
COMPENSATED MERTENS SPECTROSCOPE — LARGE SCALE
F_comp(gamma) = gamma^2 * |sum M(p)/p * exp(-i*gamma*log(p))|^2
Sizes: ['10,000,000', '25,000,000', '50,000,000']
Gammas: 25000 points in [5.0, 85.0]
Chunks: gamma=500, prime=100000
Local z-score: window=+-8.0, exclusion=+-1.5
======================================================================

======================================================================
MAX_N = 10,000,000
======================================================================

Step 1: Linear sieve for Mobius function...
  Linear sieve to 10,000,000: 664,579 primes, 2.5s
  Memory: mu=10MB, is_composite=10MB

Step 2: Compute M(p) at primes...
  Mertens at primes computed in 0.1s
  M range: [-1077, 1142]

Step 3: Compute spectroscope (664,579 primes, 25000 gammas)...
    Chunk 10/350 (3%), elapsed=4s, ETA=129s
    Chunk 20/350 (6%), elapsed=7s, ETA=121s
    Chunk 30/350 (9%), elapsed=11s, ETA=115s
    Chunk 40/350 (11%), elapsed=14s, ETA=111s
    Chunk 50/350 (14%), elapsed=18s, ETA=107s
    Chunk 60/350 (17%), elapsed=21s, ETA=103s
    Chunk 70/350 (20%), elapsed=24s, ETA=97s
    Chunk 80/350 (23%), elapsed=27s, ETA=92s
    Chunk 90/350 (26%), elapsed=31s, ETA=89s
    Chunk 100/350 (29%), elapsed=34s, ETA=85s
    Chunk 110/350 (31%), elapsed=38s, ETA=82s
    Chunk 120/350 (34%), elapsed=41s, ETA=79s
    Chunk 130/350 (37%), elapsed=45s, ETA=76s
    Chunk 140/350 (40%), elapsed=48s, ETA=72s
    Chunk 150/350 (43%), elapsed=52s, ETA=69s
    Chunk 160/350 (46%), elapsed=55s, ETA=66s
    Chunk 170/350 (49%), elapsed=59s, ETA=62s
    Chunk 180/350 (51%), elapsed=62s, ETA=59s
    Chunk 190/350 (54%), elapsed=66s, ETA=56s
    Chunk 200/350 (57%), elapsed=70s, ETA=52s
    Chunk 210/350 (60%), elapsed=73s, ETA=49s
    Chunk 220/350 (63%), elapsed=78s, ETA=46s
    Chunk 230/350 (66%), elapsed=82s, ETA=43s
    Chunk 240/350 (69%), elapsed=85s, ETA=39s
    Chunk 250/350 (71%), elapsed=88s, ETA=35s
    Chunk 260/350 (74%), elapsed=91s, ETA=32s
    Chunk 270/350 (77%), elapsed=94s, ETA=28s
    Chunk 280/350 (80%), elapsed=97s, ETA=24s
    Chunk 290/350 (83%), elapsed=100s, ETA=21s
    Chunk 300/350 (86%), elapsed=103s, ETA=17s
    Chunk 310/350 (89%), elapsed=106s, ETA=14s
    Chunk 320/350 (91%), elapsed=109s, ETA=10s
    Chunk 330/350 (94%), elapsed=111s, ETA=7s
    Chunk 340/350 (97%), elapsed=114s, ETA=3s
    Chunk 350/350 (100%), elapsed=117s, ETA=0s
  Spectroscope done: 117.3s total, 25000 gammas x 664579 primes = 16.6G ops

Step 4: Local z-score analysis (window=+-8.0, excl=+-1.5)...
    #     zero     peak     err%    local_z
  --- -------- -------- -------- ----------
    1  14.1347  14.0884   0.3278       47.9
    2  21.0220  20.9494   0.3452       28.5
    3  25.0109  24.9208   0.3603       33.6
    4  30.4249  30.4154   0.0312       26.7
    5  32.9351  32.8155   0.3631       27.4
    6  37.5862  37.5485   0.1003       20.2
    7  40.9187  40.7902   0.3140       12.2
    8  43.3271  43.6799   0.8144       10.9
    9  48.0052  47.9809   0.0506       23.1
   10  49.7738  49.6450   0.2588       28.1
   11  52.9703  52.7683   0.3813        6.9
   12  56.4462  56.3557   0.1604        4.8
   13  59.3470  59.2358   0.1874       12.8
   14  60.8318  59.6838   1.8872       67.6
   15  65.1125  65.0760   0.0561       63.6
   16  67.0798  67.5177   0.6528       16.2
   17  69.5464  69.4410   0.1516       24.9
   18  72.0672  71.8091   0.3582        1.6
   19  75.7047  75.6492   0.0733        8.7
   20  77.1448  76.0908   1.3662        5.0

  SUMMARY for MAX_N=10,000,000:
    Primes used: 664,579
    Avg local z-score:    23.5
    Median local z-score: 21.7
    Min local z-score:    1.6
    Zeros with z > 5:     18/20
    Zeros with z > 10:    15/20
    Zeros with z > 20:    11/20
    Zeros with z > 50:    2/20
    Avg error:            0.4120%
    Max error:            1.8872%
    Wall time:            120s (2.0min)

======================================================================
MAX_N = 25,000,000
======================================================================

Step 1: Linear sieve for Mobius function...
  Linear sieve to 25,000,000: 1,565,927 primes, 6.1s
  Memory: mu=25MB, is_composite=25MB

Step 2: Compute M(p) at primes...
  Mertens at primes computed in 0.3s
  M range: [-1444, 1238]

Step 3: Compute spectroscope (1,565,927 primes, 25000 gammas)...
    Chunk 10/800 (1%), elapsed=4s, ETA=297s
    Chunk 20/800 (2%), elapsed=7s, ETA=281s
    Chunk 30/800 (4%), elapsed=13s, ETA=332s
    Chunk 40/800 (5%), elapsed=17s, ETA=319s
    Chunk 50/800 (6%), elapsed=20s, ETA=294s
    Chunk 60/800 (8%), elapsed=23s, ETA=279s
    Chunk 70/800 (9%), elapsed=26s, ETA=270s
    Chunk 80/800 (10%), elapsed=30s, ETA=271s
    Chunk 90/800 (11%), elapsed=35s, ETA=274s
    Chunk 100/800 (12%), elapsed=39s, ETA=275s
    Chunk 110/800 (14%), elapsed=44s, ETA=276s
    Chunk 120/800 (15%), elapsed=48s, ETA=275s
    Chunk 130/800 (16%), elapsed=53s, ETA=273s
    Chunk 140/800 (18%), elapsed=58s, ETA=273s
    Chunk 150/800 (19%), elapsed=63s, ETA=271s
    Chunk 160/800 (20%), elapsed=67s, ETA=269s
    Chunk 170/800 (21%), elapsed=72s, ETA=268s
    Chunk 180/800 (22%), elapsed=77s, ETA=265s
    Chunk 190/800 (24%), elapsed=82s, ETA=263s
    Chunk 200/800 (25%), elapsed=86s, ETA=259s
    Chunk 210/800 (26%), elapsed=91s, ETA=255s
    Chunk 220/800 (28%), elapsed=96s, ETA=252s
    Chunk 230/800 (29%), elapsed=100s, ETA=248s
    Chunk 240/800 (30%), elapsed=105s, ETA=245s
    Chunk 250/800 (31%), elapsed=110s, ETA=241s
    Chunk 260/800 (32%), elapsed=115s, ETA=238s
    Chunk 270/800 (34%), elapsed=119s, ETA=235s
    Chunk 280/800 (35%), elapsed=124s, ETA=231s
    Chunk 290/800 (36%), elapsed=129s, ETA=227s
    Chunk 300/800 (38%), elapsed=134s, ETA=224s
    Chunk 310/800 (39%), elapsed=139s, ETA=219s
    Chunk 320/800 (40%), elapsed=143s, ETA=215s
    Chunk 330/800 (41%), elapsed=149s, ETA=212s
    Chunk 340/800 (42%), elapsed=153s, ETA=208s
    Chunk 350/800 (44%), elapsed=158s, ETA=203s
    Chunk 360/800 (45%), elapsed=161s, ETA=197s
    Chunk 370/800 (46%), elapsed=164s, ETA=190s
    Chunk 380/800 (48%), elapsed=167s, ETA=185s
    Chunk 390/800 (49%), elapsed=172s, ETA=181s
    Chunk 400/800 (50%), elapsed=176s, ETA=176s
    Chunk 410/800 (51%), elapsed=180s, ETA=172s
    Chunk 420/800 (52%), elapsed=185s, ETA=167s
    Chunk 430/800 (54%), elapsed=189s, ETA=163s
    Chunk 440/800 (55%), elapsed=194s, ETA=159s
    Chunk 450/800 (56%), elapsed=198s, ETA=154s
    Chunk 460/800 (57%), elapsed=203s, ETA=150s
    Chunk 470/800 (59%), elapsed=207s, ETA=146s
    Chunk 480/800 (60%), elapsed=212s, ETA=141s
    Chunk 490/800 (61%), elapsed=216s, ETA=137s
    Chunk 500/800 (62%), elapsed=221s, ETA=133s
    Chunk 510/800 (64%), elapsed=225s, ETA=128s
    Chunk 520/800 (65%), elapsed=230s, ETA=124s
    Chunk 530/800 (66%), elapsed=234s, ETA=119s
    Chunk 540/800 (68%), elapsed=239s, ETA=115s
    Chunk 550/800 (69%), elapsed=243s, ETA=111s
    Chunk 560/800 (70%), elapsed=248s, ETA=106s
    Chunk 570/800 (71%), elapsed=252s, ETA=102s
    Chunk 580/800 (72%), elapsed=257s, ETA=97s
    Chunk 590/800 (74%), elapsed=261s, ETA=93s
    Chunk 600/800 (75%), elapsed=266s, ETA=89s
    Chunk 610/800 (76%), elapsed=270s, ETA=84s
    Chunk 620/800 (78%), elapsed=275s, ETA=80s
    Chunk 630/800 (79%), elapsed=279s, ETA=75s
    Chunk 640/800 (80%), elapsed=283s, ETA=71s
    Chunk 650/800 (81%), elapsed=288s, ETA=66s
    Chunk 660/800 (82%), elapsed=292s, ETA=62s
    Chunk 670/800 (84%), elapsed=297s, ETA=58s
    Chunk 680/800 (85%), elapsed=300s, ETA=53s
    Chunk 690/800 (86%), elapsed=303s, ETA=48s
    Chunk 700/800 (88%), elapsed=305s, ETA=44s
    Chunk 710/800 (89%), elapsed=307s, ETA=39s
    Chunk 720/800 (90%), elapsed=310s, ETA=34s
    Chunk 730/800 (91%), elapsed=312s, ETA=30s
    Chunk 740/800 (92%), elapsed=314s, ETA=25s
    Chunk 750/800 (94%), elapsed=316s, ETA=21s
    Chunk 760/800 (95%), elapsed=318s, ETA=17s
    Chunk 770/800 (96%), elapsed=320s, ETA=12s
    Chunk 780/800 (98%), elapsed=323s, ETA=8s
    Chunk 790/800 (99%), elapsed=325s, ETA=4s
    Chunk 800/800 (100%), elapsed=327s, ETA=0s
  Spectroscope done: 326.8s total, 25000 gammas x 1565927 primes = 39.1G ops

Step 4: Local z-score analysis (window=+-8.0, excl=+-1.5)...
    #     zero     peak     err%    local_z
  --- -------- -------- -------- ----------
    1  14.1347  14.1108   0.1693       38.6
    2  21.0220  20.9654   0.2691       11.3
    3  25.0109  24.8632   0.5906       13.8
    4  30.4249  30.3898   0.1153       17.5
    5  32.9351  32.7931   0.4311       18.7
    6  37.5862  37.5005   0.2280       18.3
    7  40.9187  40.8862   0.0793       27.6
    8  43.3271  43.1743   0.3526       31.1
    9  48.0052  48.3937   0.8094       34.4
   10  49.7738  49.5970   0.3552       29.9
   11  52.9703  52.8323   0.2605       21.6
   12  56.4462  56.3237   0.2171        7.0
   13  59.3470  59.1878   0.2683       23.6
   14  60.8318  60.6886   0.2354       13.1
   15  65.1125  65.0568   0.0855       47.2
   16  67.0798  67.0185   0.0914       43.6
   17  69.5464  69.3706   0.2528       20.0
   18  72.0672  71.9019   0.2294        7.6
   19  75.7047  75.6524   0.0690        7.3
   20  77.1448  77.0189   0.1632        3.6

  SUMMARY for MAX_N=25,000,000:
    Primes used: 1,565,927
    Avg local z-score:    21.8
    Median local z-score: 19.3
    Min local z-score:    3.6
    Zeros with z > 5:     19/20
    Zeros with z > 10:    16/20
    Zeros with z > 20:    9/20
    Zeros with z > 50:    0/20
    Avg error:            0.2636%
    Max error:            0.8094%
    Wall time:            333s (5.6min)

======================================================================
MAX_N = 50,000,000
======================================================================

Step 1: Linear sieve for Mobius function...
  Linear sieve to 50,000,000: 3,001,134 primes, 7.9s
  Memory: mu=50MB, is_composite=50MB

Step 2: Compute M(p) at primes...
  Mertens at primes computed in 0.3s
  M range: [-2570, 2468]

Step 3: Compute spectroscope (3,001,134 primes, 25000 gammas)...
    Chunk 10/1550 (1%), elapsed=2s, ETA=329s
    Chunk 20/1550 (1%), elapsed=4s, ETA=328s
    Chunk 30/1550 (2%), elapsed=6s, ETA=327s
    Chunk 40/1550 (3%), elapsed=8s, ETA=316s
    Chunk 50/1550 (3%), elapsed=11s, ETA=315s
    Chunk 60/1550 (4%), elapsed=13s, ETA=313s
    Chunk 70/1550 (5%), elapsed=15s, ETA=308s
    Chunk 80/1550 (5%), elapsed=17s, ETA=307s
    Chunk 90/1550 (6%), elapsed=19s, ETA=305s
    Chunk 100/1550 (6%), elapsed=21s, ETA=300s
    Chunk 110/1550 (7%), elapsed=23s, ETA=299s
    Chunk 120/1550 (8%), elapsed=25s, ETA=297s
    Chunk 130/1550 (8%), elapsed=27s, ETA=294s
    Chunk 140/1550 (9%), elapsed=29s, ETA=292s
    Chunk 150/1550 (10%), elapsed=31s, ETA=291s
    Chunk 160/1550 (10%), elapsed=33s, ETA=287s
    Chunk 170/1550 (11%), elapsed=35s, ETA=285s
    Chunk 180/1550 (12%), elapsed=37s, ETA=283s
    Chunk 190/1550 (12%), elapsed=39s, ETA=280s
    Chunk 200/1550 (13%), elapsed=41s, ETA=279s
    Chunk 210/1550 (14%), elapsed=43s, ETA=277s
    Chunk 220/1550 (14%), elapsed=45s, ETA=274s
    Chunk 230/1550 (15%), elapsed=47s, ETA=272s
    Chunk 240/1550 (15%), elapsed=50s, ETA=270s
    Chunk 250/1550 (16%), elapsed=51s, ETA=267s
    Chunk 260/1550 (17%), elapsed=53s, ETA=265s
    Chunk 270/1550 (17%), elapsed=56s, ETA=263s
    Chunk 280/1550 (18%), elapsed=57s, ETA=261s
    Chunk 290/1550 (19%), elapsed=60s, ETA=259s
    Chunk 300/1550 (19%), elapsed=62s, ETA=257s
    Chunk 310/1550 (20%), elapsed=64s, ETA=254s
    Chunk 320/1550 (21%), elapsed=66s, ETA=252s
    Chunk 330/1550 (21%), elapsed=68s, ETA=250s
    Chunk 340/1550 (22%), elapsed=70s, ETA=249s
    Chunk 350/1550 (23%), elapsed=72s, ETA=246s
    Chunk 360/1550 (23%), elapsed=74s, ETA=244s
    Chunk 370/1550 (24%), elapsed=76s, ETA=242s
    Chunk 380/1550 (25%), elapsed=78s, ETA=240s
    Chunk 390/1550 (25%), elapsed=80s, ETA=238s
    Chunk 400/1550 (26%), elapsed=82s, ETA=236s
    Chunk 410/1550 (26%), elapsed=84s, ETA=233s
    Chunk 420/1550 (27%), elapsed=86s, ETA=231s
    Chunk 430/1550 (28%), elapsed=88s, ETA=230s
    Chunk 440/1550 (28%), elapsed=90s, ETA=227s
    Chunk 450/1550 (29%), elapsed=92s, ETA=225s
    Chunk 460/1550 (30%), elapsed=94s, ETA=223s
    Chunk 470/1550 (30%), elapsed=96s, ETA=221s
    Chunk 480/1550 (31%), elapsed=98s, ETA=219s
    Chunk 490/1550 (32%), elapsed=100s, ETA=217s
    Chunk 500/1550 (32%), elapsed=102s, ETA=215s
    Chunk 510/1550 (33%), elapsed=104s, ETA=213s
    Chunk 520/1550 (34%), elapsed=106s, ETA=211s
    Chunk 530/1550 (34%), elapsed=108s, ETA=208s
    Chunk 540/1550 (35%), elapsed=110s, ETA=206s
    Chunk 550/1550 (35%), elapsed=112s, ETA=204s
    Chunk 560/1550 (36%), elapsed=114s, ETA=202s
    Chunk 570/1550 (37%), elapsed=116s, ETA=200s
    Chunk 580/1550 (37%), elapsed=119s, ETA=198s
    Chunk 590/1550 (38%), elapsed=120s, ETA=196s
    Chunk 600/1550 (39%), elapsed=122s, ETA=194s
    Chunk 610/1550 (39%), elapsed=125s, ETA=192s
    Chunk 620/1550 (40%), elapsed=126s, ETA=190s
    Chunk 630/1550 (41%), elapsed=128s, ETA=188s
    Chunk 640/1550 (41%), elapsed=131s, ETA=186s
    Chunk 650/1550 (42%), elapsed=133s, ETA=184s
    Chunk 660/1550 (43%), elapsed=134s, ETA=181s
    Chunk 670/1550 (43%), elapsed=137s, ETA=179s
    Chunk 680/1550 (44%), elapsed=139s, ETA=177s
    Chunk 690/1550 (45%), elapsed=141s, ETA=175s
    Chunk 700/1550 (45%), elapsed=143s, ETA=173s
    Chunk 710/1550 (46%), elapsed=145s, ETA=171s
    Chunk 720/1550 (46%), elapsed=147s, ETA=169s
    Chunk 730/1550 (47%), elapsed=149s, ETA=167s
    Chunk 740/1550 (48%), elapsed=151s, ETA=165s
    Chunk 750/1550 (48%), elapsed=153s, ETA=163s
    Chunk 760/1550 (49%), elapsed=155s, ETA=161s
    Chunk 770/1550 (50%), elapsed=157s, ETA=159s
    Chunk 780/1550 (50%), elapsed=159s, ETA=157s
    Chunk 790/1550 (51%), elapsed=161s, ETA=155s
    Chunk 800/1550 (52%), elapsed=163s, ETA=153s
    Chunk 810/1550 (52%), elapsed=165s, ETA=151s
    Chunk 820/1550 (53%), elapsed=167s, ETA=149s
    Chunk 830/1550 (54%), elapsed=169s, ETA=147s
    Chunk 840/1550 (54%), elapsed=171s, ETA=144s
    Chunk 850/1550 (55%), elapsed=173s, ETA=142s
    Chunk 860/1550 (55%), elapsed=175s, ETA=140s
    Chunk 870/1550 (56%), elapsed=177s, ETA=138s
    Chunk 880/1550 (57%), elapsed=179s, ETA=136s
    Chunk 890/1550 (57%), elapsed=181s, ETA=134s
    Chunk 900/1550 (58%), elapsed=183s, ETA=132s
    Chunk 910/1550 (59%), elapsed=185s, ETA=130s
    Chunk 920/1550 (59%), elapsed=187s, ETA=128s
    Chunk 930/1550 (60%), elapsed=189s, ETA=126s
    Chunk 940/1550 (61%), elapsed=191s, ETA=124s
    Chunk 950/1550 (61%), elapsed=193s, ETA=122s
    Chunk 960/1550 (62%), elapsed=195s, ETA=120s
    Chunk 970/1550 (63%), elapsed=197s, ETA=118s
    Chunk 980/1550 (63%), elapsed=199s, ETA=116s
    Chunk 990/1550 (64%), elapsed=201s, ETA=114s
    Chunk 1000/1550 (65%), elapsed=203s, ETA=112s
    Chunk 1010/1550 (65%), elapsed=205s, ETA=110s
    Chunk 1020/1550 (66%), elapsed=208s, ETA=108s
    Chunk 1030/1550 (66%), elapsed=209s, ETA=106s
    Chunk 1040/1550 (67%), elapsed=212s, ETA=104s
    Chunk 1050/1550 (68%), elapsed=214s, ETA=102s
    Chunk 1060/1550 (68%), elapsed=216s, ETA=100s
    Chunk 1070/1550 (69%), elapsed=218s, ETA=98s
    Chunk 1080/1550 (70%), elapsed=220s, ETA=96s
    Chunk 1090/1550 (70%), elapsed=222s, ETA=94s
    Chunk 1100/1550 (71%), elapsed=224s, ETA=92s
    Chunk 1110/1550 (72%), elapsed=226s, ETA=90s
    Chunk 1120/1550 (72%), elapsed=228s, ETA=87s
    Chunk 1130/1550 (73%), elapsed=230s, ETA=85s
    Chunk 1140/1550 (74%), elapsed=232s, ETA=83s
    Chunk 1150/1550 (74%), elapsed=234s, ETA=81s
    Chunk 1160/1550 (75%), elapsed=236s, ETA=79s
    Chunk 1170/1550 (75%), elapsed=238s, ETA=77s
    Chunk 1180/1550 (76%), elapsed=240s, ETA=75s
    Chunk 1190/1550 (77%), elapsed=242s, ETA=73s
    Chunk 1200/1550 (77%), elapsed=244s, ETA=71s
    Chunk 1210/1550 (78%), elapsed=246s, ETA=69s
    Chunk 1220/1550 (79%), elapsed=248s, ETA=67s
    Chunk 1230/1550 (79%), elapsed=251s, ETA=65s
    Chunk 1240/1550 (80%), elapsed=253s, ETA=63s
    Chunk 1250/1550 (81%), elapsed=255s, ETA=61s
    Chunk 1260/1550 (81%), elapsed=257s, ETA=59s
    Chunk 1270/1550 (82%), elapsed=259s, ETA=57s
    Chunk 1280/1550 (83%), elapsed=261s, ETA=55s
    Chunk 1290/1550 (83%), elapsed=263s, ETA=53s
    Chunk 1300/1550 (84%), elapsed=265s, ETA=51s
    Chunk 1310/1550 (85%), elapsed=267s, ETA=49s
    Chunk 1320/1550 (85%), elapsed=269s, ETA=47s
    Chunk 1330/1550 (86%), elapsed=272s, ETA=45s
    Chunk 1340/1550 (86%), elapsed=274s, ETA=43s
    Chunk 1350/1550 (87%), elapsed=276s, ETA=41s
    Chunk 1360/1550 (88%), elapsed=278s, ETA=39s
    Chunk 1370/1550 (88%), elapsed=280s, ETA=37s
    Chunk 1380/1550 (89%), elapsed=282s, ETA=35s
    Chunk 1390/1550 (90%), elapsed=284s, ETA=33s
    Chunk 1400/1550 (90%), elapsed=286s, ETA=31s
    Chunk 1410/1550 (91%), elapsed=288s, ETA=29s
    Chunk 1420/1550 (92%), elapsed=291s, ETA=27s
    Chunk 1430/1550 (92%), elapsed=293s, ETA=25s
    Chunk 1440/1550 (93%), elapsed=295s, ETA=23s
    Chunk 1450/1550 (94%), elapsed=297s, ETA=20s
    Chunk 1460/1550 (94%), elapsed=299s, ETA=18s
    Chunk 1470/1550 (95%), elapsed=301s, ETA=16s
    Chunk 1480/1550 (95%), elapsed=303s, ETA=14s
    Chunk 1490/1550 (96%), elapsed=305s, ETA=12s
    Chunk 1500/1550 (97%), elapsed=308s, ETA=10s
    Chunk 1510/1550 (97%), elapsed=310s, ETA=8s
    Chunk 1520/1550 (98%), elapsed=312s, ETA=6s
    Chunk 1530/1550 (99%), elapsed=314s, ETA=4s
    Chunk 1540/1550 (99%), elapsed=316s, ETA=2s
    Chunk 1550/1550 (100%), elapsed=318s, ETA=0s
  Spectroscope done: 318.2s total, 25000 gammas x 3001134 primes = 75.0G ops

Step 4: Local z-score analysis (window=+-8.0, excl=+-1.5)...
    #     zero     peak     err%    local_z
  --- -------- -------- -------- ----------
    1  14.1347  14.1236   0.0788       29.3
    2  21.0220  20.9494   0.3452       24.1
    3  25.0109  24.9496   0.2451       19.9
    4  30.4249  30.3450   0.2626       21.7
    5  32.9351  33.1707   0.7154       16.4
    6  37.5862  37.5517   0.0918       18.5
    7  40.9187  40.7774   0.3452       10.6
    8  43.3271  43.2223   0.2418       10.6
    9  48.0052  47.8593   0.3039        7.2
   10  49.7738  49.6898   0.1688       12.0
   11  52.9703  52.8419   0.2424        4.9
   12  56.4462  56.3909   0.0980        4.7
   13  59.3470  59.2326   0.1928       13.4
   14  60.8318  61.1302   0.4906       10.4
   15  65.1125  65.0824   0.0462       17.8
   16  67.0798  66.9321   0.2202        6.9
   17  69.5464  69.4794   0.0964        3.0
   18  72.0672  72.3883   0.4456        1.1
   19  75.7047  75.5660   0.1832        3.8
   20  77.1448  77.1053   0.0512        4.9

  SUMMARY for MAX_N=50,000,000:
    Primes used: 3,001,134
    Avg local z-score:    12.1
    Median local z-score: 10.6
    Min local z-score:    1.1
    Zeros with z > 5:     14/20
    Zeros with z > 10:    12/20
    Zeros with z > 20:    3/20
    Zeros with z > 50:    0/20
    Avg error:            0.2433%
    Max error:            0.7154%
    Wall time:            327s (5.4min)

======================================================================
CROSS-SCALE COMPARISON
======================================================================
         MAX_N     primes    avg_z    med_z    min_z   z>5  z>10  z>20  z>50   avg_err%     time
  ----------------------------------------------------------------------------------------------
    10,000,000    664,579     23.5     21.7      1.6    18    15    11     2     0.4120     120s
    25,000,000  1,565,927     21.8     19.3      3.6    19    16     9     0     0.2636     333s
    50,000,000  3,001,134     12.1     10.6      1.1    14    12     3     0     0.2433     327s

  Per-zero local z-score scaling:
    #     zero      z@10M      z@25M      z@50M
    1  14.1347       47.9       38.6       29.3
    2  21.0220       28.5       11.3       24.1
    3  25.0109       33.6       13.8       19.9
    4  30.4249       26.7       17.5       21.7
    5  32.9351       27.4       18.7       16.4
    6  37.5862       20.2       18.3       18.5
    7  40.9187       12.2       27.6       10.6
    8  43.3271       10.9       31.1       10.6
    9  48.0052       23.1       34.4        7.2
   10  49.7738       28.1       29.9       12.0
   11  52.9703        6.9       21.6        4.9
   12  56.4462        4.8        7.0        4.7
   13  59.3470       12.8       23.6       13.4
   14  60.8318       67.6       13.1       10.4
   15  65.1125       63.6       47.2       17.8
   16  67.0798       16.2       43.6        6.9
   17  69.5464       24.9       20.0        3.0
   18  72.0672        1.6        7.6        1.1
   19  75.7047        8.7        7.3        3.8
   20  77.1448        5.0        3.6        4.9

Total wall time: 780s (0.2h)

Generating figure...
  Figure saved to /Users/saar/Desktop/Farey-Local/figures/spectroscope_large_scale.png

Saving results...
  Results saved to /Users/saar/Desktop/Farey-Local/experiments/MERTENS_LARGE_SCALE_RESULTS.md

All done! Total: 780s (0.2h)
