=== Phase 1: N=100K ===
Primes-Only Wobble Analysis up to N = 100000
=============================================================
Computing sieves...
Sieves done.
Primes >= 11 up to 100000: 9588

  p=  3607  [ 500/9588]  viol=33  M(p)=   +0  M/√p=+0.0000  [5s, ~91s left]
  p=  7949  [1000/9588]  viol=59  M(p)=   -4  M/√p=-0.0449  [49s, ~421s left]
  p= 12589  [1500/9588]  viol=195  M(p)=   -1  M/√p=-0.0089  [184s, ~992s left]
  p= 17419  [2000/9588]  viol=232  M(p)=  -15  M/√p=-0.1137  [471s, ~1787s left]
  p= 22369  [2500/9588]  viol=469  M(p)=  -23  M/√p=-0.1538  [1004s, ~2847s left]
  p= 27487  [3000/9588]  viol=469  M(p)=  +10  M/√p=+0.0603  [1860s, ~4085s left]
  p= 32647  [3500/9588]  viol=722  M(p)=  +21  M/√p=+0.1162  [3112s, ~5413s left]
  p= 37861  [4000/9588]  viol=726  M(p)=  -34  M/√p=-0.1747  [4833s, ~6752s left]
  p= 43103  [4500/9588]  viol=741  M(p)=  -69  M/√p=-0.3323  [7107s, ~8036s left]
  p= 48649  [5000/9588]  viol=988  M(p)=  +80  M/√p=+0.3627  [10025s, ~9199s left]
  p= 54037  [5500/9588]  viol=1227  M(p)=  +27  M/√p=+0.1161  [13374s, ~9941s left]
  p= 59393  [6000/9588]  viol=1307  M(p)=  -92  M/√p=-0.3775  [17118s, ~10237s left]
  p= 65101  [6500/9588]  viol=1332  M(p)=  +14  M/√p=+0.0549  [21748s, ~10332s left]
  p= 70709  [7000/9588]  viol=1679  M(p)=  +50  M/√p=+0.1880  [27149s, ~10037s left]
  p= 76249  [7500/9588]  viol=1989  M(p)=   -3  M/√p=-0.0109  [33524s, ~9333s left]
  p= 81853  [8000/9588]  viol=2023  M(p)=  -27  M/√p=-0.0944  [40821s, ~8103s left]
  p= 87587  [8500/9588]  viol=2141  M(p)=  +41  M/√p=+0.1385  [49348s, ~6317s left]
  p= 93239  [9000/9588]  viol=2295  M(p)=  -56  M/√p=-0.1834  [58943s, ~3851s left]
  p= 98993  [9500/9588]  viol=2295  M(p)=  -65  M/√p=-0.2066  [69736s, ~646s left]
  p= 99901  [9581/9588]  viol=2295  M(p)=  -59  M/√p=-0.1867  [71607s, ~52s left]
  p= 99907  [9582/9588]  viol=2295  M(p)=  -58  M/√p=-0.1835  [71630s, ~45s left]
  p= 99923  [9583/9588]  viol=2295  M(p)=  -59  M/√p=-0.1866  [71654s, ~37s left]
  p= 99929  [9584/9588]  viol=2295  M(p)=  -61  M/√p=-0.1930  [71677s, ~30s left]
  p= 99961  [9585/9588]  viol=2295  M(p)=  -54  M/√p=-0.1708  [71700s, ~22s left]
  p= 99971  [9586/9588]  viol=2295  M(p)=  -55  M/√p=-0.1740  [71724s, ~15s left]
  p= 99989  [9587/9588]  viol=2295  M(p)=  -48  M/√p=-0.1518  [71747s, ~7s left]
  p= 99991  [9588/9588]  viol=2295  M(p)=  -49  M/√p=-0.1550  [71770s, ~0s left]

=============================================================
COMPLETED in 71770s
Total: 2295 violations / 9588 primes (23.9%)
Data: wobble_primes_100000.csv

Violation rate by range:
  [     0,  5000)
  [  5000, 10000)
  [ 10000, 15000)
  [ 15000, 20000)
  [ 20000, 25000)
  [ 25000, 30000)
  [ 30000, 35000)
  [ 35000, 40000)
  [ 40000, 45000)
  [ 45000, 50000)
  [ 50000, 55000)
  [ 55000, 60000)
  [ 60000, 65000)
  [ 65000, 70000)
  [ 70000, 75000)
  [ 75000, 80000)
  [ 80000, 85000)
  [ 85000, 90000)
  [ 90000, 95000)
  [ 95000,100000)
(See CSV for detailed per-prime data)
Phase 1 complete at Mon Mar 23 01:14:08 GMT 2026
=== Phase 2: N=200K ===
Primes-Only Wobble Analysis up to N = 200000
=============================================================
Computing sieves...
Sieves done.
Primes >= 11 up to 200000: 17980

  p=  3607  [ 500/17980]  viol=33  M(p)=   +0  M/√p=+0.0000  [5s, ~175s left]
  p=  7949  [1000/17980]  viol=59  M(p)=   -4  M/√p=-0.0449  [42s, ~713s left]
  p= 12589  [1500/17980]  viol=195  M(p)=   -1  M/√p=-0.0089  [157s, ~1725s left]
  p= 17419  [2000/17980]  viol=232  M(p)=  -15  M/√p=-0.1137  [400s, ~3196s left]
  p= 22369  [2500/17980]  viol=469  M(p)=  -23  M/√p=-0.1538  [860s, ~5325s left]
  p= 27487  [3000/17980]  viol=469  M(p)=  +10  M/√p=+0.0603  [1582s, ~7899s left]
  p= 32647  [3500/17980]  viol=722  M(p)=  +21  M/√p=+0.1162  [2637s, ~10910s left]
  p= 37861  [4000/17980]  viol=726  M(p)=  -34  M/√p=-0.1747  [4088s, ~14288s left]
  p= 43103  [4500/17980]  viol=741  M(p)=  -69  M/√p=-0.3323  [6013s, ~18012s left]
  p= 48649  [5000/17980]  viol=988  M(p)=  +80  M/√p=+0.3627  [8478s, ~22009s left]
  p= 54037  [5500/17980]  viol=1227  M(p)=  +27  M/√p=+0.1161  [11561s, ~26233s left]
  p= 59393  [6000/17980]  viol=1307  M(p)=  -92  M/√p=-0.3775  [15368s, ~30685s left]
