======================================================================
THREE-BODY ORBIT DISCOVERY VIA CF/NOBILITY FRAMEWORK
======================================================================
Target cell: 6-15|1.30-1.35
  CF period length: 6 to 15
  Geometric mean of CF quotients: 1.30 to 1.35
  This cell has 7 occupied neighbors (most of any empty cell)

Loaded 12 seed orbits from neighboring cells:
  I.A-2     : v1=0.3069, v2=0.1255, T=6.235, gmean=1.3195, cf=[2, 1, 1, 1, 2]
  I.A-3     : v1=0.6150, v2=0.5226, T=37.321, gmean=1.4422, cf=[1, 3, 1]
  I.A-5     : v1=0.4113, v2=0.2608, T=20.749, gmean=1.2377, cf=[2, 1, 1, 1, 2, 1, 1, 1]...
  I.A-7     : v1=0.1215, v2=0.1012, T=15.744, gmean=1.3770, cf=[2, 1, 1, 1, 4, 1, 1, 1]...
  I.B-10    : v1=0.3980, v2=0.1761, T=27.823, gmean=1.3195, cf=[2, 1, 1, 1, 2]
  I.B-17    : v1=0.3956, v2=0.1544, T=41.788, gmean=1.2809, cf=[2, 1, 1, 1, 2, 2, 1, 1]...
  I.B-2     : v1=0.4059, v2=0.2302, T=13.867, gmean=1.2599, cf=[2, 1, 1, 1, 2, 1, 1, 1]...
  I.B-3     : v1=0.0833, v2=0.1279, T=10.465, gmean=1.3608, cf=[2, 1, 1, 1, 4, 1, 1, 1]...
  II.C-19   : v1=0.1869, v2=0.2045, T=27.725, gmean=1.3195, cf=[2, 1, 1, 1, 2]
  II.C-62   : v1=0.1468, v2=0.1988, T=15.585, gmean=1.2599, cf=[2, 1, 1, 1, 2, 2, 1, 1]...
  II.C-66   : v1=0.1350, v2=0.1388, T=26.917, gmean=1.3195, cf=[1, 1, 1, 2, 2]
  II.C-9    : v1=0.1739, v2=0.1141, T=21.754, gmean=1.3770, cf=[1, 1, 1, 2, 2, 1, 1, 1]...

Generated 100 candidate ICs

──────────────────────────────────────────────────────────────────────
PHASE 1: Quick screening (100 candidates, low precision)
──────────────────────────────────────────────────────────────────────
  Screened 10/100... (4 promising so far)
  Screened 20/100... (5 promising so far)
  Screened 30/100... (8 promising so far)
  Screened 40/100... (9 promising so far)
  Screened 50/100... (9 promising so far)
  Screened 60/100... (12 promising so far)
  Screened 70/100... (15 promising so far)
  Screened 80/100... (16 promising so far)
  Screened 90/100... (17 promising so far)
